energy0
27.02292522 2.868858502
28.01817382 2.761014232
40.01817382 0.6882038361
42.03382302 5.178271797
43.04164762 0.8659161538
44.04947222 31.34063473
45.05206349 0.8450825154
63.02292522 0.9623329279
78.04639902 1.17655069
90.04639902 1.12956699
91.05422362 12.9731496
92.04947222 1.037867899
92.05761766 1.030166339
92.06204822 1.742175409
93.06987282 1.552607607
118.0776974 1.129403129
119.072946 1.065692601
119.085522 2.288724624
120.0807706 6.350773063
134.0964198 1.742191491
135.1042444 1.856492498

